<?xml version="1.0" encoding="UTF-8"?>
<testsuite xmlns:xsi="http://www.w3.org/2001/XMLSchema-instance" xsi:noNamespaceSchemaLocation="https://maven.apache.org/surefire/maven-surefire-plugin/xsd/surefire-test-report-3.0.xsd" version="3.0" name="bdd.RunnerTest" time="0.379" tests="10" errors="0" skipped="0" failures="0">
  <properties>
    <property name="java.specification.version" value="23"/>
    <property name="sun.jnu.encoding" value="UTF-8"/>
    <property name="java.class.path" value="/Users/brunoribeiro/Documents/jira-gamificado/tests/target/test-classes:/Users/brunoribeiro/Documents/jira-gamificado/tests/target/classes:/Users/brunoribeiro/.m2/repository/io/cucumber/cucumber-java/7.13.0/cucumber-java-7.13.0.jar:/Users/brunoribeiro/.m2/repository/io/cucumber/cucumber-core/7.13.0/cucumber-core-7.13.0.jar:/Users/brunoribeiro/.m2/repository/io/cucumber/cucumber-gherkin/7.13.0/cucumber-gherkin-7.13.0.jar:/Users/brunoribeiro/.m2/repository/io/cucumber/cucumber-gherkin-messages/7.13.0/cucumber-gherkin-messages-7.13.0.jar:/Users/brunoribeiro/.m2/repository/io/cucumber/gherkin/26.2.0/gherkin-26.2.0.jar:/Users/brunoribeiro/.m2/repository/io/cucumber/messages/22.0.0/messages-22.0.0.jar:/Users/brunoribeiro/.m2/repository/io/cucumber/tag-expressions/5.0.1/tag-expressions-5.0.1.jar:/Users/brunoribeiro/.m2/repository/io/cucumber/cucumber-expressions/16.1.2/cucumber-expressions-16.1.2.jar:/Users/brunoribeiro/.m2/repository/io/cucumber/datatable/7.13.0/datatable-7.13.0.jar:/Users/brunoribeiro/.m2/repository/io/cucumber/cucumber-plugin/7.13.0/cucumber-plugin-7.13.0.jar:/Users/brunoribeiro/.m2/repository/io/cucumber/docstring/7.13.0/docstring-7.13.0.jar:/Users/brunoribeiro/.m2/repository/io/cucumber/html-formatter/20.3.1/html-formatter-20.3.1.jar:/Users/brunoribeiro/.m2/repository/io/cucumber/junit-xml-formatter/0.2.0/junit-xml-formatter-0.2.0.jar:/Users/brunoribeiro/.m2/repository/io/cucumber/ci-environment/9.2.0/ci-environment-9.2.0.jar:/Users/brunoribeiro/.m2/repository/org/apiguardian/apiguardian-api/1.1.2/apiguardian-api-1.1.2.jar:/Users/brunoribeiro/.m2/repository/io/cucumber/cucumber-junit/7.13.0/cucumber-junit-7.13.0.jar:/Users/brunoribeiro/.m2/repository/junit/junit/4.13.2/junit-4.13.2.jar:/Users/brunoribeiro/.m2/repository/org/hamcrest/hamcrest-core/2.2/hamcrest-core-2.2.jar:/Users/brunoribeiro/.m2/repository/org/hamcrest/hamcrest/2.2/hamcrest-2.2.jar:/Users/brunoribeiro/.m2/repository/org/junit/vintage/junit-vintage-engine/5.10.0/junit-vintage-engine-5.10.0.jar:/Users/brunoribeiro/.m2/repository/org/junit/platform/junit-platform-engine/1.11.4/junit-platform-engine-1.11.4.jar:/Users/brunoribeiro/.m2/repository/org/opentest4j/opentest4j/1.3.0/opentest4j-1.3.0.jar:/Users/brunoribeiro/.m2/repository/org/junit/platform/junit-platform-commons/1.11.4/junit-platform-commons-1.11.4.jar:/Users/brunoribeiro/.m2/repository/org/assertj/assertj-core/3.25.3/assertj-core-3.25.3.jar:/Users/brunoribeiro/.m2/repository/net/bytebuddy/byte-buddy/1.15.11/byte-buddy-1.15.11.jar:"/>
    <property name="java.vm.vendor" value="Homebrew"/>
    <property name="sun.arch.data.model" value="64"/>
    <property name="java.vendor.url" value="https://github.com/Homebrew/homebrew-core/issues"/>
    <property name="user.timezone" value="America/Recife"/>
    <property name="os.name" value="Mac OS X"/>
    <property name="java.vm.specification.version" value="23"/>
    <property name="sun.java.launcher" value="SUN_STANDARD"/>
    <property name="user.country" value="BR"/>
    <property name="sun.boot.library.path" value="/opt/homebrew/Cellar/openjdk/23.0.2/libexec/openjdk.jdk/Contents/Home/lib"/>
    <property name="sun.java.command" value="/Users/brunoribeiro/Documents/jira-gamificado/tests/target/surefire/surefirebooter-20250423203454705_3.jar /Users/brunoribeiro/Documents/jira-gamificado/tests/target/surefire 2025-04-23T20-34-54_671-jvmRun1 surefire-20250423203454705_1tmp surefire_0-20250423203454705_2tmp"/>
    <property name="http.nonProxyHosts" value="local|*.local|169.254/16|*.169.254/16"/>
    <property name="jdk.debug" value="release"/>
    <property name="surefire.test.class.path" value="/Users/brunoribeiro/Documents/jira-gamificado/tests/target/test-classes:/Users/brunoribeiro/Documents/jira-gamificado/tests/target/classes:/Users/brunoribeiro/.m2/repository/io/cucumber/cucumber-java/7.13.0/cucumber-java-7.13.0.jar:/Users/brunoribeiro/.m2/repository/io/cucumber/cucumber-core/7.13.0/cucumber-core-7.13.0.jar:/Users/brunoribeiro/.m2/repository/io/cucumber/cucumber-gherkin/7.13.0/cucumber-gherkin-7.13.0.jar:/Users/brunoribeiro/.m2/repository/io/cucumber/cucumber-gherkin-messages/7.13.0/cucumber-gherkin-messages-7.13.0.jar:/Users/brunoribeiro/.m2/repository/io/cucumber/gherkin/26.2.0/gherkin-26.2.0.jar:/Users/brunoribeiro/.m2/repository/io/cucumber/messages/22.0.0/messages-22.0.0.jar:/Users/brunoribeiro/.m2/repository/io/cucumber/tag-expressions/5.0.1/tag-expressions-5.0.1.jar:/Users/brunoribeiro/.m2/repository/io/cucumber/cucumber-expressions/16.1.2/cucumber-expressions-16.1.2.jar:/Users/brunoribeiro/.m2/repository/io/cucumber/datatable/7.13.0/datatable-7.13.0.jar:/Users/brunoribeiro/.m2/repository/io/cucumber/cucumber-plugin/7.13.0/cucumber-plugin-7.13.0.jar:/Users/brunoribeiro/.m2/repository/io/cucumber/docstring/7.13.0/docstring-7.13.0.jar:/Users/brunoribeiro/.m2/repository/io/cucumber/html-formatter/20.3.1/html-formatter-20.3.1.jar:/Users/brunoribeiro/.m2/repository/io/cucumber/junit-xml-formatter/0.2.0/junit-xml-formatter-0.2.0.jar:/Users/brunoribeiro/.m2/repository/io/cucumber/ci-environment/9.2.0/ci-environment-9.2.0.jar:/Users/brunoribeiro/.m2/repository/org/apiguardian/apiguardian-api/1.1.2/apiguardian-api-1.1.2.jar:/Users/brunoribeiro/.m2/repository/io/cucumber/cucumber-junit/7.13.0/cucumber-junit-7.13.0.jar:/Users/brunoribeiro/.m2/repository/junit/junit/4.13.2/junit-4.13.2.jar:/Users/brunoribeiro/.m2/repository/org/hamcrest/hamcrest-core/2.2/hamcrest-core-2.2.jar:/Users/brunoribeiro/.m2/repository/org/hamcrest/hamcrest/2.2/hamcrest-2.2.jar:/Users/brunoribeiro/.m2/repository/org/junit/vintage/junit-vintage-engine/5.10.0/junit-vintage-engine-5.10.0.jar:/Users/brunoribeiro/.m2/repository/org/junit/platform/junit-platform-engine/1.11.4/junit-platform-engine-1.11.4.jar:/Users/brunoribeiro/.m2/repository/org/opentest4j/opentest4j/1.3.0/opentest4j-1.3.0.jar:/Users/brunoribeiro/.m2/repository/org/junit/platform/junit-platform-commons/1.11.4/junit-platform-commons-1.11.4.jar:/Users/brunoribeiro/.m2/repository/org/assertj/assertj-core/3.25.3/assertj-core-3.25.3.jar:/Users/brunoribeiro/.m2/repository/net/bytebuddy/byte-buddy/1.15.11/byte-buddy-1.15.11.jar:"/>
    <property name="sun.cpu.endian" value="little"/>
    <property name="user.home" value="/Users/brunoribeiro"/>
    <property name="user.language" value="en"/>
    <property name="java.specification.vendor" value="Oracle Corporation"/>
    <property name="java.version.date" value="2025-01-21"/>
    <property name="java.home" value="/opt/homebrew/Cellar/openjdk/23.0.2/libexec/openjdk.jdk/Contents/Home"/>
    <property name="file.separator" value="/"/>
    <property name="basedir" value="/Users/brunoribeiro/Documents/jira-gamificado/tests"/>
    <property name="java.vm.compressedOopsMode" value="Zero based"/>
    <property name="line.separator" value="&#10;"/>
    <property name="java.vm.specification.vendor" value="Oracle Corporation"/>
    <property name="java.specification.name" value="Java Platform API Specification"/>
    <property name="apple.awt.application.name" value="ForkedBooter"/>
    <property name="surefire.real.class.path" value="/Users/brunoribeiro/Documents/jira-gamificado/tests/target/surefire/surefirebooter-20250423203454705_3.jar"/>
    <property name="sun.management.compiler" value="HotSpot 64-Bit Tiered Compilers"/>
    <property name="ftp.nonProxyHosts" value="local|*.local|169.254/16|*.169.254/16"/>
    <property name="java.runtime.version" value="23.0.2"/>
    <property name="user.name" value="brunoribeiro"/>
    <property name="stdout.encoding" value="UTF-8"/>
    <property name="path.separator" value=":"/>
    <property name="os.version" value="15.3.2"/>
    <property name="java.runtime.name" value="OpenJDK Runtime Environment"/>
    <property name="file.encoding" value="UTF-8"/>
    <property name="java.vm.name" value="OpenJDK 64-Bit Server VM"/>
    <property name="java.vendor.version" value="Homebrew"/>
    <property name="localRepository" value="/Users/brunoribeiro/.m2/repository"/>
    <property name="java.vendor.url.bug" value="https://github.com/Homebrew/homebrew-core/issues"/>
    <property name="java.io.tmpdir" value="/var/folders/m7/y62frbxs2bdgjf57r0qqmk440000gn/T/"/>
    <property name="java.version" value="23.0.2"/>
    <property name="user.dir" value="/Users/brunoribeiro/Documents/jira-gamificado/tests"/>
    <property name="os.arch" value="aarch64"/>
    <property name="java.vm.specification.name" value="Java Virtual Machine Specification"/>
    <property name="native.encoding" value="UTF-8"/>
    <property name="java.library.path" value="/Users/brunoribeiro/Library/Java/Extensions:/Library/Java/Extensions:/Network/Library/Java/Extensions:/System/Library/Java/Extensions:/usr/lib/java:."/>
    <property name="java.vm.info" value="mixed mode, sharing"/>
    <property name="stderr.encoding" value="UTF-8"/>
    <property name="java.vendor" value="Homebrew"/>
    <property name="java.vm.version" value="23.0.2"/>
    <property name="sun.io.unicode.encoding" value="UnicodeBig"/>
    <property name="socksNonProxyHosts" value="local|*.local|169.254/16|*.169.254/16"/>
    <property name="java.class.version" value="67.0"/>
  </properties>
  <testcase name="KAN-1 - Criação de desafio extra" classname="Sistema Kanban Gamificado" time="0.085">
    <system-out><![CDATA[
Scenario: KAN-1 - Criação de desafio extra                                             # src/test/java/bdd/features/kanban.feature:3
Painel de líder acessado.
  Given estou no painel de líder                                                       # bdd.steps.KanbanSteps.estou_no_painel_de_líder()
Cliquei em: Criar Desafio Extra
  When clico em "Criar Desafio Extra"                                                  # bdd.steps.KanbanSteps.clico_em(java.lang.String)
Formulário de criação de desafio extra visível.
  Then aparece formulário para nome, descrição, critérios, prazo, pontos e equipe-alvo # bdd.steps.KanbanSteps.aparece_formulário_para_nome_descrição_critérios_prazo_pontos_e_equipe_alvo()
]]></system-out>
  </testcase>
  <testcase name="KAN-2 - Submissão de desafio extra" classname="Sistema Kanban Gamificado" time="0.01">
    <system-out><![CDATA[
Scenario: KAN-2 - Submissão de desafio extra              # src/test/java/bdd/features/kanban.feature:8
Formulário preenchido e enviado.
  Given preencho e envio o formulário                     # bdd.steps.KanbanSteps.preencho_e_envio_o_formulário()
Criação de desafio confirmada.
  When confirmo a criação                                 # bdd.steps.KanbanSteps.confirmo_a_criação()
Desafio foi listado e membros notificados
  Then o desafio entra na lista e membros são notificados # bdd.steps.KanbanSteps.o_desafio_entra_na_lista_e_membros_sao_notificados()
]]></system-out>
  </testcase>
  <testcase name="KAN-3 - Visualização do painel da equipe" classname="Sistema Kanban Gamificado" time="0.028">
    <system-out><![CDATA[
Scenario: KAN-3 - Visualização do painel da equipe                                  # src/test/java/bdd/features/kanban.feature:13
Líder acessa: Painel da Equipe
  Given sou líder e acesso "Painel da Equipe"                                       # bdd.steps.KanbanSteps.sou_lider_e_acesso(java.lang.String)
Página aberta
  When a página abre                                                                # bdd.steps.KanbanSteps.a_pagina_abre()
Tabela de progresso exibida
  Then vejo tabela com membros, pontos atuais e variação desde a última atualização # bdd.steps.KanbanSteps.vejo_tabela_com_membros_pontos_atuais_variacao()
]]></system-out>
  </testcase>
  <testcase name="KAN-4 - Atualização do Kanban" classname="Sistema Kanban Gamificado" time="0.019">
    <system-out><![CDATA[
Scenario: KAN-4 - Atualização do Kanban       # src/test/java/bdd/features/kanban.feature:18
Acessando: Quadro Kanban
  Given acesso "Quadro Kanban"                # bdd.steps.KanbanSteps.acesso(java.lang.String)
Página carregada
  When a página carrega                       # bdd.steps.KanbanSteps.a_pagina_carrega()
Colunas configuráveis exibidas
  Then vejo colunas configuráveis com cartões # bdd.steps.KanbanSteps.vejo_colunas_com_cartoes()
]]></system-out>
  </testcase>
  <testcase name="KAN-5 - Marcação de tarefa concluída" classname="Sistema Kanban Gamificado" time="0.01">
    <system-out><![CDATA[
Scenario: KAN-5 - Marcação de tarefa concluída                 # src/test/java/bdd/features/kanban.feature:23
Tarefa concluída
  Given concluo uma tarefa                                     # bdd.steps.KanbanSteps.concluo_uma_tarefa()
Tarefa marcada como concluída
  When marco-a como concluída                                  # bdd.steps.KanbanSteps.marco_a_como_concluida()
Pontos recebidos e total atualizado
  Then recebo imediatamente os pontos e meu total é atualizado # bdd.steps.KanbanSteps.recebo_pontos_total_atualizado()
]]></system-out>
  </testcase>
  <testcase name="KAN-6 - Acesso ao progresso" classname="Sistema Kanban Gamificado" time="0.008">
    <system-out><![CDATA[
Scenario: KAN-6 - Acesso ao progresso                                # src/test/java/bdd/features/kanban.feature:28
Usuário autenticado
  Given estou logado                                                 # bdd.steps.KanbanSteps.estou_logado()
Acessando: Meu Progresso
  When acesso "Meu Progresso"                                        # bdd.steps.KanbanSteps.acesso(java.lang.String)
Gráfico exibido
  Then vejo gráfico com pontos totais, conquistas e metas alcançadas # bdd.steps.KanbanSteps.vejo_grafico_pontos_conquistas_metas()
]]></system-out>
  </testcase>
  <testcase name="KAN-7 - Sistema de feedback" classname="Sistema Kanban Gamificado" time="0.01">
    <system-out><![CDATA[
Scenario: KAN-7 - Sistema de feedback                                 # src/test/java/bdd/features/kanban.feature:33
Membro acessa o perfil
  Given sou membro de equipe e acesso meu perfil                      # bdd.steps.KanbanSteps.sou_membro_acesso_perfil()
Cliquei em: Feedback
  When clico em "Feedback"                                            # bdd.steps.KanbanSteps.clico_em(java.lang.String)
Feedbacks listados
  Then vejo lista de feedbacks recebidos com autor, data e comentário # bdd.steps.KanbanSteps.vejo_lista_feedbacks()
]]></system-out>
  </testcase>
  <testcase name="KAN-8 - Ranking geral" classname="Sistema Kanban Gamificado" time="0.004">
    <system-out><![CDATA[
Scenario: KAN-8 - Ranking geral                                       # src/test/java/bdd/features/kanban.feature:38
Usuário autenticado
  Given estou autenticado                                             # bdd.steps.KanbanSteps.estou_autenticado()
Navegando até: Ranking Geral
  When navego até "Ranking Geral"                                     # bdd.steps.KanbanSteps.navego_ate(java.lang.String)
Abas exibidas por pontuação
  Then vejo abas “Por Equipe” e “Por Membro”, ordenadas por pontuação # bdd.steps.KanbanSteps.vejo_abas_ordenadas()
]]></system-out>
  </testcase>
  <testcase name="KAN-9 - Desbloqueio automático de recompensa" classname="Sistema Kanban Gamificado" time="0.009">
    <system-out><![CDATA[
Scenario: KAN-9 - Desbloqueio automático de recompensa                    # src/test/java/bdd/features/kanban.feature:43
Limite de pontos alcançado
  Given sou usuário logado e meus pontos totais alcançam o limite         # bdd.steps.KanbanSteps.pontos_totais_alcancam_limite()
Atualização processada
  When a atualização de pontos é processada                               # bdd.steps.KanbanSteps.atualizacao_pontos_processada()
Recompensa desbloqueada no perfil
  Then a recompensa correspondente é desbloqueada e aparece no meu perfil # bdd.steps.KanbanSteps.recompensa_desbloqueada_aparece()
]]></system-out>
  </testcase>
  <testcase name="KAN-10 - CRUD de tipos de recompensa" classname="Sistema Kanban Gamificado" time="0.003">
    <system-out><![CDATA[
Scenario: KAN-10 - CRUD de tipos de recompensa                              # src/test/java/bdd/features/kanban.feature:48
Admin autenticado
  Given estou autenticado como administrador                                # bdd.steps.KanbanSteps.autenticado_como_admin()
Admin acessa: Tipos de Recompensa
  When acesso a página "Tipos de Recompensa"                                # bdd.steps.KanbanSteps.acesso_pagina(java.lang.String)
Lista de tipos de recompensa exibida
  Then vejo a lista de todos os tipos com nome, descrição e valor em pontos # bdd.steps.KanbanSteps.vejo_lista_tipos_recompensa()
]]></system-out>
  </testcase>
</testsuite>